#
# There is insufficient memory for the Java Runtime Environment to continue.
# Native memory allocation (mmap) failed to map 266338304 bytes for G1 virtual space
# Possible reasons:
#   The system is out of physical RAM or swap space
#   The process is running with CompressedOops enabled, and the Java Heap may be blocking the growth of the native heap
# Possible solutions:
#   Reduce memory load on the system
#   Increase physical memory or swap space
#   Check if swap backing store is full
#   Decrease Java heap size (-Xmx/-Xms)
#   Decrease number of Java threads
#   Decrease Java thread stack sizes (-Xss)
#   Set larger code cache with -XX:ReservedCodeCacheSize=
#   JVM is running with Zero Based Compressed Oops mode in which the Java heap is
#     placed in the first 32GB address space. The Java Heap base address is the
#     maximum limit for the native heap growth. Please use -XX:HeapBaseMinAddress
#     to set the Java Heap base and to place the Java Heap above 32GB virtual address.
# This output file may be truncated or incomplete.
#
#  Out of Memory Error (os_windows.cpp:3550), pid=18392, tid=17880
#
# JRE version:  (17.0.7+8) (build )
# Java VM: Java HotSpot(TM) 64-Bit Server VM (17.0.7+8-LTS-224, mixed mode, sharing, tiered, compressed oops, compressed class ptrs, g1 gc, windows-amd64)
# No core dump will be written. Minidumps are not enabled by default on client versions of Windows
#

---------------  S U M M A R Y ------------

Command Line: -Dfile.encoding=UTF-8 --module-path=C:\Users\Ishwor\OneDrive\Documents\NetBeansProjects\Electricity Billing System\build\classes electricity.billing.system.Project

Host: Intel(R) Core(TM) i7-1065G7 CPU @ 1.30GHz, 8 cores, 15G,  Windows 11 , 64 bit Build 22621 (10.0.22621.2361)
Time: Fri Sep 29 19:44:24 2023 Nepal Standard Time elapsed time: 0.013545 seconds (0d 0h 0m 0s)

---------------  T H R E A D  ---------------

Current thread (0x0000021b564299f0):  JavaThread "Unknown thread" [_thread_in_vm, id=17880, stack(0x0000005b62b00000,0x0000005b62c00000)]

Stack: [0x0000005b62b00000,0x0000005b62c00000]
Native frames: (J=compiled Java code, j=interpreted, Vv=VM code, C=native code)
V  [jvm.dll+0x676a4a]
V  [jvm.dll+0x7d74f4]
V  [jvm.dll+0x7d8c9e]
V  [jvm.dll+0x7d9303]
V  [jvm.dll+0x2452c5]
V  [jvm.dll+0x6738f9]
V  [jvm.dll+0x668232]
V  [jvm.dll+0x302826]
V  [jvm.dll+0x309da6]
V  [jvm.dll+0x35952e]
V  [jvm.dll+0x35975f]
V  [jvm.dll+0x2d9a38]
V  [jvm.dll+0x2da9a4]
V  [jvm.dll+0x7a8fb1]
V  [jvm.dll+0x3670e1]
V  [jvm.dll+0x788359]
V  [jvm.dll+0x3ea5ef]
V  [jvm.dll+0x3ec071]
C  [jli.dll+0x5297]
C  [ucrtbase.dll+0x29363]
C  [KERNEL32.DLL+0x1257d]
C  [ntdll.dll+0x5aa78]


---------------  P R O C E S S  ---------------

Threads class SMR info:
_java_thread_list=0x00007ffb59be4998, length=0, elements={
}

Java Threads: ( => current thread )

Other Threads:
  0x0000021b56495900 GCTaskThread "GC Thread#0" [stack: 0x0000005b62c00000,0x0000005b62d00000] [id=18200]
  0x0000021b564a6490 ConcurrentGCThread "G1 Main Marker" [stack: 0x0000005b62d00000,0x0000005b62e00000] [id=27136]
  0x0000021b564a7640 ConcurrentGCThread "G1 Conc#0" [stack: 0x0000005b62e00000,0x0000005b62f00000] [id=25732]

[error occurred during error reporting (printing all threads), id 0xc0000005, EXCEPTION_ACCESS_VIOLATION (0xc0000005) at pc=0x00007ffb5941a697]

VM state: not at safepoint (not fully initialized)

VM Mutex/Monitor currently owned by a thread:  ([mutex/lock_event])
[0x0000021b56425cb0] Heap_lock - owner thread: 0x0000021b564299f0

Heap address: 0x0000000703a00000, size: 4038 MB, Compressed Oops mode: Zero based, Oop shift amount: 3

CDS archive(s) mapped at: [0x0000000000000000-0x0000000000000000-0x0000000000000000), size 0, SharedBaseAddress: 0x0000000800000000, ArchiveRelocationMode: 0.
Narrow klass base: 0x0000000000000000, Narrow klass shift: 0, Narrow klass range: 0x0

GC Precious Log:
<Empty>

Heap:
 garbage-first heap   total 0K, used 0K [0x0000000703a00000, 0x0000000800000000)
  region size 2048K, 0 young (0K), 0 survivors (0K)

[error occurred during error reporting (printing heap information), id 0xc0000005, EXCEPTION_ACCESS_VIOLATION (0xc0000005) at pc=0x00007ffb598000b9]

GC Heap History (0 events):
No events

Deoptimization events (0 events):
No events

Classes unloaded (0 events):
No events

Classes redefined (0 events):
No events

Internal exceptions (0 events):
No events

VM Operations (0 events):
No events

Events (1 events):
Event: 0.008 Loaded shared library C:\Program Files\Java\jdk-17\bin\java.dll


Dynamic libraries:
0x00007ff60b990000 - 0x00007ff60b9a0000 	C:\Program Files\Java\jdk-17\bin\java.exe
0x00007ffbe12d0000 - 0x00007ffbe14e7000 	C:\WINDOWS\SYSTEM32\ntdll.dll
0x00007ffbdf030000 - 0x00007ffbdf0f4000 	C:\WINDOWS\System32\KERNEL32.DLL
0x00007ffbdec80000 - 0x00007ffbdf026000 	C:\WINDOWS\System32\KERNELBASE.dll
0x00007ffbde6f0000 - 0x00007ffbde801000 	C:\WINDOWS\System32\ucrtbase.dll
0x00007ffba9170000 - 0x00007ffba918b000 	C:\Program Files\Java\jdk-17\bin\VCRUNTIME140.dll
0x00007ffbd9790000 - 0x00007ffbd97a9000 	C:\Program Files\Java\jdk-17\bin\jli.dll
0x00007ffbdf620000 - 0x00007ffbdf6d0000 	C:\WINDOWS\System32\ADVAPI32.dll
0x00007ffbe05d0000 - 0x00007ffbe0677000 	C:\WINDOWS\System32\msvcrt.dll
0x00007ffbdf890000 - 0x00007ffbdf936000 	C:\WINDOWS\System32\sechost.dll
0x00007ffbdf940000 - 0x00007ffbdfa57000 	C:\WINDOWS\System32\RPCRT4.dll
0x00007ffbdfa60000 - 0x00007ffbdfc0e000 	C:\WINDOWS\System32\USER32.dll
0x00007ffbde900000 - 0x00007ffbde926000 	C:\WINDOWS\System32\win32u.dll
0x00007ffbc8b70000 - 0x00007ffbc8e03000 	C:\WINDOWS\WinSxS\amd64_microsoft.windows.common-controls_6595b64144ccf1df_6.0.22621.2361_none_2712ced57382f843\COMCTL32.dll
0x00007ffbe10c0000 - 0x00007ffbe10e9000 	C:\WINDOWS\System32\GDI32.dll
0x00007ffbdeaa0000 - 0x00007ffbdebb8000 	C:\WINDOWS\System32\gdi32full.dll
0x00007ffbde650000 - 0x00007ffbde6ea000 	C:\WINDOWS\System32\msvcp_win.dll
0x00007ffbd7e20000 - 0x00007ffbd7e2a000 	C:\WINDOWS\SYSTEM32\VERSION.dll
0x00007ffbe01f0000 - 0x00007ffbe0221000 	C:\WINDOWS\System32\IMM32.DLL
0x00007ffbb81c0000 - 0x00007ffbb81cc000 	C:\Program Files\Java\jdk-17\bin\vcruntime140_1.dll
0x00007ffb95060000 - 0x00007ffb950ee000 	C:\Program Files\Java\jdk-17\bin\msvcp140.dll
0x00007ffb59130000 - 0x00007ffb59d0d000 	C:\Program Files\Java\jdk-17\bin\server\jvm.dll
0x00007ffbdfd40000 - 0x00007ffbdfd48000 	C:\WINDOWS\System32\PSAPI.DLL
0x00007ffbd7e30000 - 0x00007ffbd7e64000 	C:\WINDOWS\SYSTEM32\WINMM.dll
0x00007ffbcd150000 - 0x00007ffbcd159000 	C:\WINDOWS\SYSTEM32\WSOCK32.dll
0x00007ffbe0230000 - 0x00007ffbe02a1000 	C:\WINDOWS\System32\WS2_32.dll
0x00007ffbdd6a0000 - 0x00007ffbdd6b8000 	C:\WINDOWS\SYSTEM32\kernel.appcore.dll
0x00007ffbb6f50000 - 0x00007ffbb6f5a000 	C:\Program Files\Java\jdk-17\bin\jimage.dll
0x00007ffbdbef0000 - 0x00007ffbdc11e000 	C:\WINDOWS\SYSTEM32\DBGHELP.DLL
0x00007ffbdf100000 - 0x00007ffbdf48a000 	C:\WINDOWS\System32\combase.dll
0x00007ffbdf540000 - 0x00007ffbdf617000 	C:\WINDOWS\System32\OLEAUT32.dll
0x00007ffbc1350000 - 0x00007ffbc1382000 	C:\WINDOWS\SYSTEM32\dbgcore.DLL
0x00007ffbde810000 - 0x00007ffbde88a000 	C:\WINDOWS\System32\bcryptPrimitives.dll
0x00007ffba0890000 - 0x00007ffba08b5000 	C:\Program Files\Java\jdk-17\bin\java.dll

dbghelp: loaded successfully - version: 4.0.5 - missing functions: none
symbol engine: initialized successfully - sym options: 0x614 - pdb path: .;C:\Program Files\Java\jdk-17\bin;C:\WINDOWS\SYSTEM32;C:\WINDOWS\WinSxS\amd64_microsoft.windows.common-controls_6595b64144ccf1df_6.0.22621.2361_none_2712ced57382f843;C:\Program Files\Java\jdk-17\bin\server

VM Arguments:
jvm_args: -Dfile.encoding=UTF-8 --module-path=C:\Users\Ishwor\OneDrive\Documents\NetBeansProjects\Electricity Billing System\build\classes 
java_command: electricity.billing.system.Project
java_class_path (initial): F:\DownloadNew\Jarfile\mysql-connector-java-8.0.26.jar;F:\DownloadNew\Jarfile\rs2xml.jar;F:\DownloadNew\javax.mail-1.6.2.jar;F:\DownloadNew\jaf-1_1_1\jaf-1.1.1\activation.jar;F:\DownloadNew\commontextjarfile\commons-text-1.10.0\commons-text-1.10.0.jar;F:\DownloadNew\commontextjarfile\commons-text-1.10.0\commons-text-1.10.0-javadoc.jar;F:\DownloadNew\commontextjarfile\commons-text-1.10.0\commons-text-1.10.0-sources.jar;F:\DownloadNew\commontextjarfile\commons-text-1.10.0\commons-text-1.10.0-tests.jar;F:\DownloadNew\commontextjarfile\commons-text-1.10.0\commons-text-1.10.0-test-sources.jar;F:\DownloadNew\commons-lang3-3.13.0-bin\commons-lang3-3.13.0\commons-lang3-3.13.0.jar;F:\DownloadNew\commons-lang3-3.13.0-bin\commons-lang3-3.13.0\commons-lang3-3.13.0-javadoc.jar;F:\DownloadNew\commons-lang3-3.13.0-bin\commons-lang3-3.13.0\commons-lang3-3.13.0-sources.jar;F:\DownloadNew\commons-lang3-3.13.0-bin\commons-lang3-3.13.0\commons-lang3-3.13.0-tests.jar;F:\DownloadNew\commons-lang3-3.13.0-bin\commons-lang3-3.13.0\commons-lang3-3.13.0-test-sources.jar;F:\DownloadNew\json-simple-1.1.1.jar;F:\DownloadNew\okhttp-4.2.1.jar;F:\DownloadNew\okio-3.5.0.jar;F:\DownloadNew\okio-3.0.0-alpha.9-javadoc.jar;C:\Users\Ishwor\OneDrive\Documents\NetBeansProjects\Electricity Billing System\build\classes
Launcher Type: SUN_STANDARD

[Global flags]
     intx CICompilerCount                          = 4                                         {product} {ergonomic}
     uint ConcGCThreads                            = 2                                         {product} {ergonomic}
     uint G1ConcRefinementThreads                  = 8                                         {product} {ergonomic}
   size_t G1HeapRegionSize                         = 2097152                                   {product} {ergonomic}
    uintx GCDrainStackTargetSize                   = 64                                        {product} {ergonomic}
   size_t InitialHeapSize                          = 266338304                                 {product} {ergonomic}
   size_t MarkStackSize                            = 4194304                                   {product} {ergonomic}
   size_t MaxHeapSize                              = 4234149888                                {product} {ergonomic}
   size_t MinHeapDeltaBytes                        = 2097152                                   {product} {ergonomic}
   size_t MinHeapSize                              = 8388608                                   {product} {ergonomic}
    uintx NonNMethodCodeHeapSize                   = 5839372                                {pd product} {ergonomic}
    uintx NonProfiledCodeHeapSize                  = 122909434                              {pd product} {ergonomic}
    uintx ProfiledCodeHeapSize                     = 122909434                              {pd product} {ergonomic}
    uintx ReservedCodeCacheSize                    = 251658240                              {pd product} {ergonomic}
     bool SegmentedCodeCache                       = true                                      {product} {ergonomic}
   size_t SoftMaxHeapSize                          = 4234149888                             {manageable} {ergonomic}
     bool UseCompressedClassPointers               = true                           {product lp64_product} {ergonomic}
     bool UseCompressedOops                        = true                           {product lp64_product} {ergonomic}
     bool UseG1GC                                  = true                                      {product} {ergonomic}
     bool UseLargePagesIndividualAllocation        = false                                  {pd product} {ergonomic}

Logging:
Log output configuration:
 #0: stdout all=warning uptime,level,tags
 #1: stderr all=off uptime,level,tags

Environment Variables:
PATH=C:\Program Files\Common Files\Oracle\Java\javapath;C:\WINDOWS\system32;C:\WINDOWS;C:\WINDOWS\System32\Wbem;C:\WINDOWS\System32\WindowsPowerShell\v1.0\;C:\WINDOWS\System32\OpenSSH\;C:\Program Files\dotnet\;C:\Program Files (x86)\NVIDIA Corporation\PhysX\Common;C:\Program Files\MySQL\MySQL Server 8.0\bin;C:\Program Files\Git\cmd;C:\Users\Ishwor\AppData\Local\Microsoft\WindowsApps;;C:\Users\Ishwor\AppData\Local\Programs\Microsoft VS Code\bin
USERNAME=Ishwor
OS=Windows_NT
PROCESSOR_IDENTIFIER=Intel64 Family 6 Model 126 Stepping 5, GenuineIntel



---------------  S Y S T E M  ---------------

OS:
 Windows 11 , 64 bit Build 22621 (10.0.22621.2361)
OS uptime: 0 days 3:28 hours

CPU: total 8 (initial active 8) (4 cores per cpu, 2 threads per core) family 6 model 126 stepping 5 microcode 0xbc, cx8, cmov, fxsr, ht, mmx, 3dnowpref, sse, sse2, sse3, ssse3, sse4.1, sse4.2, popcnt, lzcnt, tsc, tscinvbit, avx, avx2, aes, erms, clmul, bmi1, bmi2, adx, avx512f, avx512dq, avx512cd, avx512bw, avx512vl, sha, fma, vzeroupper, avx512_vpopcntdq, avx512_vpclmulqdq, avx512_vaes, avx512_vnni, clflush, clflushopt, avx512_vbmi2, avx512_vbmi

Memory: 4k page, system-wide physical 16151M (4406M free)
TotalPageFile size 31222M (AvailPageFile size 65M)
current process WorkingSet (physical memory assigned to process): 11M, peak: 11M
current process commit charge ("private bytes"): 60M, peak: 314M

vm_info: Java HotSpot(TM) 64-Bit Server VM (17.0.7+8-LTS-224) for windows-amd64 JRE (17.0.7+8-LTS-224), built on Feb 28 2023 23:03:02 by "mach5one" with MS VC++ 17.1 (VS2022)

END.
