#
# There is insufficient memory for the Java Runtime Environment to continue.
# Native memory allocation (mmap) failed to map 65536 bytes for Failed to commit metaspace.
# Possible reasons:
#   The system is out of physical RAM or swap space
#   The process is running with CompressedOops enabled, and the Java Heap may be blocking the growth of the native heap
# Possible solutions:
#   Reduce memory load on the system
#   Increase physical memory or swap space
#   Check if swap backing store is full
#   Decrease Java heap size (-Xmx/-Xms)
#   Decrease number of Java threads
#   Decrease Java thread stack sizes (-Xss)
#   Set larger code cache with -XX:ReservedCodeCacheSize=
#   JVM is running with Zero Based Compressed Oops mode in which the Java heap is
#     placed in the first 32GB address space. The Java Heap base address is the
#     maximum limit for the native heap growth. Please use -XX:HeapBaseMinAddress
#     to set the Java Heap base and to place the Java Heap above 32GB virtual address.
# This output file may be truncated or incomplete.
#
#  Out of Memory Error (virtualSpaceNode.cpp:110), pid=22976, tid=21976
#
# JRE version: Java(TM) SE Runtime Environment (17.0.7+8) (build 17.0.7+8-LTS-224)
# Java VM: Java HotSpot(TM) 64-Bit Server VM (17.0.7+8-LTS-224, mixed mode, sharing, tiered, compressed oops, compressed class ptrs, g1 gc, windows-amd64)
# No core dump will be written. Minidumps are not enabled by default on client versions of Windows
#

---------------  S U M M A R Y ------------

Command Line: -Dfile.encoding=UTF-8 --module-path=C:\Users\Ishwor\OneDrive\Documents\NetBeansProjects\Electricity Billing System\build\classes electricity.billing.system.Splash

Host: Intel(R) Core(TM) i7-1065G7 CPU @ 1.30GHz, 8 cores, 15G,  Windows 11 , 64 bit Build 22621 (10.0.22621.1928)
Time: Sun Jul  2 21:19:12 2023 Nepal Standard Time elapsed time: 0.055082 seconds (0d 0h 0m 0s)

---------------  T H R E A D  ---------------

Current thread (0x0000015b34a2cc40):  JavaThread "C1 CompilerThread0" daemon [_thread_in_vm, id=21976, stack(0x00000040aa100000,0x00000040aa200000)]


Current CompileTask:
C1:     55  105       3       java.util.HashSet::add (20 bytes)

Stack: [0x00000040aa100000,0x00000040aa200000]
Native frames: (J=compiled Java code, j=interpreted, Vv=VM code, C=native code)
V  [jvm.dll+0x676a4a]
V  [jvm.dll+0x7d74f4]
V  [jvm.dll+0x7d8c9e]
V  [jvm.dll+0x7d9303]
V  [jvm.dll+0x2452c5]
V  [jvm.dll+0x7d35fb]
V  [jvm.dll+0x61ca36]
V  [jvm.dll+0x61ca9a]
V  [jvm.dll+0x61f2bd]
V  [jvm.dll+0x61d3f6]
V  [jvm.dll+0x62e39a]
V  [jvm.dll+0x62733a]
V  [jvm.dll+0x1cbaf0]
V  [jvm.dll+0x1cbce0]
V  [jvm.dll+0x1340be]
V  [jvm.dll+0x1343e8]
V  [jvm.dll+0x133881]
V  [jvm.dll+0x13552d]
V  [jvm.dll+0x226a6e]
V  [jvm.dll+0x224e15]
V  [jvm.dll+0x78d05c]
V  [jvm.dll+0x78759a]
V  [jvm.dll+0x675875]
C  [ucrtbase.dll+0x29363]
C  [KERNEL32.DLL+0x126ad]
C  [ntdll.dll+0x5aa68]


---------------  P R O C E S S  ---------------

Threads class SMR info:
_java_thread_list=0x0000015b354f3c50, length=11, elements={
0x0000015b0fe485f0, 0x0000015b34a0cc80, 0x0000015b34a0d830, 0x0000015b34a20720,
0x0000015b34a212d0, 0x0000015b34a23d90, 0x0000015b34a25570, 0x0000015b34a28490,
0x0000015b34a2cc40, 0x0000015b34a32d90, 0x0000015b354f9f80
}

Java Threads: ( => current thread )
  0x0000015b0fe485f0 JavaThread "main" [_thread_in_vm, id=16588, stack(0x00000040a9300000,0x00000040a9400000)]
  0x0000015b34a0cc80 JavaThread "Reference Handler" daemon [_thread_blocked, id=20820, stack(0x00000040a9a00000,0x00000040a9b00000)]
  0x0000015b34a0d830 JavaThread "Finalizer" daemon [_thread_blocked, id=22140, stack(0x00000040a9b00000,0x00000040a9c00000)]
  0x0000015b34a20720 JavaThread "Signal Dispatcher" daemon [_thread_blocked, id=22144, stack(0x00000040a9c00000,0x00000040a9d00000)]
  0x0000015b34a212d0 JavaThread "Attach Listener" daemon [_thread_blocked, id=19280, stack(0x00000040a9d00000,0x00000040a9e00000)]
  0x0000015b34a23d90 JavaThread "Service Thread" daemon [_thread_blocked, id=17448, stack(0x00000040a9e00000,0x00000040a9f00000)]
  0x0000015b34a25570 JavaThread "Monitor Deflation Thread" daemon [_thread_blocked, id=22468, stack(0x00000040a9f00000,0x00000040aa000000)]
  0x0000015b34a28490 JavaThread "C2 CompilerThread0" daemon [_thread_blocked, id=20872, stack(0x00000040aa000000,0x00000040aa100000)]
=>0x0000015b34a2cc40 JavaThread "C1 CompilerThread0" daemon [_thread_in_vm, id=21976, stack(0x00000040aa100000,0x00000040aa200000)]
  0x0000015b34a32d90 JavaThread "Sweeper thread" daemon [_thread_blocked, id=6936, stack(0x00000040aa200000,0x00000040aa300000)]
  0x0000015b354f9f80 JavaThread "Common-Cleaner" daemon [_thread_blocked, id=20436, stack(0x00000040aa300000,0x00000040aa400000)]

Other Threads:
  0x0000015b34a051d0 VMThread "VM Thread" [stack: 0x00000040a9900000,0x00000040a9a00000] [id=17320]
  0x0000015b0feb4400 GCTaskThread "GC Thread#0" [stack: 0x00000040a9400000,0x00000040a9500000] [id=21516]
  0x0000015b0fec4f90 ConcurrentGCThread "G1 Main Marker" [stack: 0x00000040a9500000,0x00000040a9600000] [id=15532]
  0x0000015b0fec62a0 ConcurrentGCThread "G1 Conc#0" [stack: 0x00000040a9600000,0x00000040a9700000] [id=11852]
  0x0000015b0ff1ec00 ConcurrentGCThread "G1 Refine#0" [stack: 0x00000040a9700000,0x00000040a9800000] [id=18712]
  0x0000015b348c2b20 ConcurrentGCThread "G1 Service" [stack: 0x00000040a9800000,0x00000040a9900000] [id=21704]

Threads with active compile tasks:
C1 CompilerThread0       73  105       3       java.util.HashSet::add (20 bytes)

VM state: not at safepoint (normal execution)

VM Mutex/Monitor currently owned by a thread:  ([mutex/lock_event])
[0x0000015b0fe41f00] Metaspace_lock - owner thread: 0x0000015b34a2cc40
[0x0000015b0fe438a0] MethodData_lock - owner thread: 0x0000015b34a2cc40

Heap address: 0x0000000703a00000, size: 4038 MB, Compressed Oops mode: Zero based, Oop shift amount: 3

CDS archive(s) mapped at: [0x0000000800000000-0x0000000800bd0000-0x0000000800bd0000), size 12386304, SharedBaseAddress: 0x0000000800000000, ArchiveRelocationMode: 0.
Compressed class space mapped at: 0x0000000800c00000-0x0000000840c00000, reserved size: 1073741824
Narrow klass base: 0x0000000800000000, Narrow klass shift: 0, Narrow klass range: 0x100000000

GC Precious Log:
 CPUs: 8 total, 8 available
 Memory: 16151M
 Large Page Support: Disabled
 NUMA Support: Disabled
 Compressed Oops: Enabled (Zero based)
 Heap Region Size: 2M
 Heap Min Capacity: 8M
 Heap Initial Capacity: 254M
 Heap Max Capacity: 4038M
 Pre-touch: Disabled
 Parallel Workers: 8
 Concurrent Workers: 2
 Concurrent Refinement Workers: 8
 Periodic GC: Disabled

Heap:
 garbage-first heap   total 260096K, used 0K [0x0000000703a00000, 0x0000000800000000)
  region size 2048K, 1 young (2048K), 0 survivors (0K)
 Metaspace       used 277K, committed 448K, reserved 1056768K
  class space    used 20K, committed 128K, reserved 1048576K

Heap Regions: E=young(eden), S=young(survivor), O=old, HS=humongous(starts), HC=humongous(continues), CS=collection set, F=free, OA=open archive, CA=closed archive, TAMS=top-at-mark-start (previous, next)
|   0|0x0000000703a00000, 0x0000000703a00000, 0x0000000703c00000|  0%| F|  |TAMS 0x0000000703a00000, 0x0000000703a00000| Untracked 
|   1|0x0000000703c00000, 0x0000000703c00000, 0x0000000703e00000|  0%| F|  |TAMS 0x0000000703c00000, 0x0000000703c00000| Untracked 
|   2|0x0000000703e00000, 0x0000000703e00000, 0x0000000704000000|  0%| F|  |TAMS 0x0000000703e00000, 0x0000000703e00000| Untracked 
|   3|0x0000000704000000, 0x0000000704000000, 0x0000000704200000|  0%| F|  |TAMS 0x0000000704000000, 0x0000000704000000| Untracked 
|   4|0x0000000704200000, 0x0000000704200000, 0x0000000704400000|  0%| F|  |TAMS 0x0000000704200000, 0x0000000704200000| Untracked 
|   5|0x0000000704400000, 0x0000000704400000, 0x0000000704600000|  0%| F|  |TAMS 0x0000000704400000, 0x0000000704400000| Untracked 
|   6|0x0000000704600000, 0x0000000704600000, 0x0000000704800000|  0%| F|  |TAMS 0x0000000704600000, 0x0000000704600000| Untracked 
|   7|0x0000000704800000, 0x0000000704800000, 0x0000000704a00000|  0%| F|  |TAMS 0x0000000704800000, 0x0000000704800000| Untracked 
|   8|0x0000000704a00000, 0x0000000704a00000, 0x0000000704c00000|  0%| F|  |TAMS 0x0000000704a00000, 0x0000000704a00000| Untracked 
|   9|0x0000000704c00000, 0x0000000704c00000, 0x0000000704e00000|  0%| F|  |TAMS 0x0000000704c00000, 0x0000000704c00000| Untracked 
|  10|0x0000000704e00000, 0x0000000704e00000, 0x0000000705000000|  0%| F|  |TAMS 0x0000000704e00000, 0x0000000704e00000| Untracked 
|  11|0x0000000705000000, 0x0000000705000000, 0x0000000705200000|  0%| F|  |TAMS 0x0000000705000000, 0x0000000705000000| Untracked 
|  12|0x0000000705200000, 0x0000000705200000, 0x0000000705400000|  0%| F|  |TAMS 0x0000000705200000, 0x0000000705200000| Untracked 
|  13|0x0000000705400000, 0x0000000705400000, 0x0000000705600000|  0%| F|  |TAMS 0x0000000705400000, 0x0000000705400000| Untracked 
|  14|0x0000000705600000, 0x0000000705600000, 0x0000000705800000|  0%| F|  |TAMS 0x0000000705600000, 0x0000000705600000| Untracked 
|  15|0x0000000705800000, 0x0000000705800000, 0x0000000705a00000|  0%| F|  |TAMS 0x0000000705800000, 0x0000000705800000| Untracked 
|  16|0x0000000705a00000, 0x0000000705a00000, 0x0000000705c00000|  0%| F|  |TAMS 0x0000000705a00000, 0x0000000705a00000| Untracked 
|  17|0x0000000705c00000, 0x0000000705c00000, 0x0000000705e00000|  0%| F|  |TAMS 0x0000000705c00000, 0x0000000705c00000| Untracked 
|  18|0x0000000705e00000, 0x0000000705e00000, 0x0000000706000000|  0%| F|  |TAMS 0x0000000705e00000, 0x0000000705e00000| Untracked 
|  19|0x0000000706000000, 0x0000000706000000, 0x0000000706200000|  0%| F|  |TAMS 0x0000000706000000, 0x0000000706000000| Untracked 
|  20|0x0000000706200000, 0x0000000706200000, 0x0000000706400000|  0%| F|  |TAMS 0x0000000706200000, 0x0000000706200000| Untracked 
|  21|0x0000000706400000, 0x0000000706400000, 0x0000000706600000|  0%| F|  |TAMS 0x0000000706400000, 0x0000000706400000| Untracked 
|  22|0x0000000706600000, 0x0000000706600000, 0x0000000706800000|  0%| F|  |TAMS 0x0000000706600000, 0x0000000706600000| Untracked 
|  23|0x0000000706800000, 0x0000000706800000, 0x0000000706a00000|  0%| F|  |TAMS 0x0000000706800000, 0x0000000706800000| Untracked 
|  24|0x0000000706a00000, 0x0000000706a00000, 0x0000000706c00000|  0%| F|  |TAMS 0x0000000706a00000, 0x0000000706a00000| Untracked 
|  25|0x0000000706c00000, 0x0000000706c00000, 0x0000000706e00000|  0%| F|  |TAMS 0x0000000706c00000, 0x0000000706c00000| Untracked 
|  26|0x0000000706e00000, 0x0000000706e00000, 0x0000000707000000|  0%| F|  |TAMS 0x0000000706e00000, 0x0000000706e00000| Untracked 
|  27|0x0000000707000000, 0x0000000707000000, 0x0000000707200000|  0%| F|  |TAMS 0x0000000707000000, 0x0000000707000000| Untracked 
|  28|0x0000000707200000, 0x0000000707200000, 0x0000000707400000|  0%| F|  |TAMS 0x0000000707200000, 0x0000000707200000| Untracked 
|  29|0x0000000707400000, 0x0000000707400000, 0x0000000707600000|  0%| F|  |TAMS 0x0000000707400000, 0x0000000707400000| Untracked 
|  30|0x0000000707600000, 0x0000000707600000, 0x0000000707800000|  0%| F|  |TAMS 0x0000000707600000, 0x0000000707600000| Untracked 
|  31|0x0000000707800000, 0x0000000707800000, 0x0000000707a00000|  0%| F|  |TAMS 0x0000000707800000, 0x0000000707800000| Untracked 
|  32|0x0000000707a00000, 0x0000000707a00000, 0x0000000707c00000|  0%| F|  |TAMS 0x0000000707a00000, 0x0000000707a00000| Untracked 
|  33|0x0000000707c00000, 0x0000000707c00000, 0x0000000707e00000|  0%| F|  |TAMS 0x0000000707c00000, 0x0000000707c00000| Untracked 
|  34|0x0000000707e00000, 0x0000000707e00000, 0x0000000708000000|  0%| F|  |TAMS 0x0000000707e00000, 0x0000000707e00000| Untracked 
|  35|0x0000000708000000, 0x0000000708000000, 0x0000000708200000|  0%| F|  |TAMS 0x0000000708000000, 0x0000000708000000| Untracked 
|  36|0x0000000708200000, 0x0000000708200000, 0x0000000708400000|  0%| F|  |TAMS 0x0000000708200000, 0x0000000708200000| Untracked 
|  37|0x0000000708400000, 0x0000000708400000, 0x0000000708600000|  0%| F|  |TAMS 0x0000000708400000, 0x0000000708400000| Untracked 
|  38|0x0000000708600000, 0x0000000708600000, 0x0000000708800000|  0%| F|  |TAMS 0x0000000708600000, 0x0000000708600000| Untracked 
|  39|0x0000000708800000, 0x0000000708800000, 0x0000000708a00000|  0%| F|  |TAMS 0x0000000708800000, 0x0000000708800000| Untracked 
|  40|0x0000000708a00000, 0x0000000708a00000, 0x0000000708c00000|  0%| F|  |TAMS 0x0000000708a00000, 0x0000000708a00000| Untracked 
|  41|0x0000000708c00000, 0x0000000708c00000, 0x0000000708e00000|  0%| F|  |TAMS 0x0000000708c00000, 0x0000000708c00000| Untracked 
|  42|0x0000000708e00000, 0x0000000708e00000, 0x0000000709000000|  0%| F|  |TAMS 0x0000000708e00000, 0x0000000708e00000| Untracked 
|  43|0x0000000709000000, 0x0000000709000000, 0x0000000709200000|  0%| F|  |TAMS 0x0000000709000000, 0x0000000709000000| Untracked 
|  44|0x0000000709200000, 0x0000000709200000, 0x0000000709400000|  0%| F|  |TAMS 0x0000000709200000, 0x0000000709200000| Untracked 
|  45|0x0000000709400000, 0x0000000709400000, 0x0000000709600000|  0%| F|  |TAMS 0x0000000709400000, 0x0000000709400000| Untracked 
|  46|0x0000000709600000, 0x0000000709600000, 0x0000000709800000|  0%| F|  |TAMS 0x0000000709600000, 0x0000000709600000| Untracked 
|  47|0x0000000709800000, 0x0000000709800000, 0x0000000709a00000|  0%| F|  |TAMS 0x0000000709800000, 0x0000000709800000| Untracked 
|  48|0x0000000709a00000, 0x0000000709a00000, 0x0000000709c00000|  0%| F|  |TAMS 0x0000000709a00000, 0x0000000709a00000| Untracked 
|  49|0x0000000709c00000, 0x0000000709c00000, 0x0000000709e00000|  0%| F|  |TAMS 0x0000000709c00000, 0x0000000709c00000| Untracked 
|  50|0x0000000709e00000, 0x0000000709e00000, 0x000000070a000000|  0%| F|  |TAMS 0x0000000709e00000, 0x0000000709e00000| Untracked 
|  51|0x000000070a000000, 0x000000070a000000, 0x000000070a200000|  0%| F|  |TAMS 0x000000070a000000, 0x000000070a000000| Untracked 
|  52|0x000000070a200000, 0x000000070a200000, 0x000000070a400000|  0%| F|  |TAMS 0x000000070a200000, 0x000000070a200000| Untracked 
|  53|0x000000070a400000, 0x000000070a400000, 0x000000070a600000|  0%| F|  |TAMS 0x000000070a400000, 0x000000070a400000| Untracked 
|  54|0x000000070a600000, 0x000000070a600000, 0x000000070a800000|  0%| F|  |TAMS 0x000000070a600000, 0x000000070a600000| Untracked 
|  55|0x000000070a800000, 0x000000070a800000, 0x000000070aa00000|  0%| F|  |TAMS 0x000000070a800000, 0x000000070a800000| Untracked 
|  56|0x000000070aa00000, 0x000000070aa00000, 0x000000070ac00000|  0%| F|  |TAMS 0x000000070aa00000, 0x000000070aa00000| Untracked 
|  57|0x000000070ac00000, 0x000000070ac00000, 0x000000070ae00000|  0%| F|  |TAMS 0x000000070ac00000, 0x000000070ac00000| Untracked 
|  58|0x000000070ae00000, 0x000000070ae00000, 0x000000070b000000|  0%| F|  |TAMS 0x000000070ae00000, 0x000000070ae00000| Untracked 
|  59|0x000000070b000000, 0x000000070b000000, 0x000000070b200000|  0%| F|  |TAMS 0x000000070b000000, 0x000000070b000000| Untracked 
|  60|0x000000070b200000, 0x000000070b200000, 0x000000070b400000|  0%| F|  |TAMS 0x000000070b200000, 0x000000070b200000| Untracked 
|  61|0x000000070b400000, 0x000000070b400000, 0x000000070b600000|  0%| F|  |TAMS 0x000000070b400000, 0x000000070b400000| Untracked 
|  62|0x000000070b600000, 0x000000070b600000, 0x000000070b800000|  0%| F|  |TAMS 0x000000070b600000, 0x000000070b600000| Untracked 
|  63|0x000000070b800000, 0x000000070b800000, 0x000000070ba00000|  0%| F|  |TAMS 0x000000070b800000, 0x000000070b800000| Untracked 
|  64|0x000000070ba00000, 0x000000070ba00000, 0x000000070bc00000|  0%| F|  |TAMS 0x000000070ba00000, 0x000000070ba00000| Untracked 
|  65|0x000000070bc00000, 0x000000070bc00000, 0x000000070be00000|  0%| F|  |TAMS 0x000000070bc00000, 0x000000070bc00000| Untracked 
|  66|0x000000070be00000, 0x000000070be00000, 0x000000070c000000|  0%| F|  |TAMS 0x000000070be00000, 0x000000070be00000| Untracked 
|  67|0x000000070c000000, 0x000000070c000000, 0x000000070c200000|  0%| F|  |TAMS 0x000000070c000000, 0x000000070c000000| Untracked 
|  68|0x000000070c200000, 0x000000070c200000, 0x000000070c400000|  0%| F|  |TAMS 0x000000070c200000, 0x000000070c200000| Untracked 
|  69|0x000000070c400000, 0x000000070c400000, 0x000000070c600000|  0%| F|  |TAMS 0x000000070c400000, 0x000000070c400000| Untracked 
|  70|0x000000070c600000, 0x000000070c600000, 0x000000070c800000|  0%| F|  |TAMS 0x000000070c600000, 0x000000070c600000| Untracked 
|  71|0x000000070c800000, 0x000000070c800000, 0x000000070ca00000|  0%| F|  |TAMS 0x000000070c800000, 0x000000070c800000| Untracked 
|  72|0x000000070ca00000, 0x000000070ca00000, 0x000000070cc00000|  0%| F|  |TAMS 0x000000070ca00000, 0x000000070ca00000| Untracked 
|  73|0x000000070cc00000, 0x000000070cc00000, 0x000000070ce00000|  0%| F|  |TAMS 0x000000070cc00000, 0x000000070cc00000| Untracked 
|  74|0x000000070ce00000, 0x000000070ce00000, 0x000000070d000000|  0%| F|  |TAMS 0x000000070ce00000, 0x000000070ce00000| Untracked 
|  75|0x000000070d000000, 0x000000070d000000, 0x000000070d200000|  0%| F|  |TAMS 0x000000070d000000, 0x000000070d000000| Untracked 
|  76|0x000000070d200000, 0x000000070d200000, 0x000000070d400000|  0%| F|  |TAMS 0x000000070d200000, 0x000000070d200000| Untracked 
|  77|0x000000070d400000, 0x000000070d400000, 0x000000070d600000|  0%| F|  |TAMS 0x000000070d400000, 0x000000070d400000| Untracked 
|  78|0x000000070d600000, 0x000000070d600000, 0x000000070d800000|  0%| F|  |TAMS 0x000000070d600000, 0x000000070d600000| Untracked 
|  79|0x000000070d800000, 0x000000070d800000, 0x000000070da00000|  0%| F|  |TAMS 0x000000070d800000, 0x000000070d800000| Untracked 
|  80|0x000000070da00000, 0x000000070da00000, 0x000000070dc00000|  0%| F|  |TAMS 0x000000070da00000, 0x000000070da00000| Untracked 
|  81|0x000000070dc00000, 0x000000070dc00000, 0x000000070de00000|  0%| F|  |TAMS 0x000000070dc00000, 0x000000070dc00000| Untracked 
|  82|0x000000070de00000, 0x000000070de00000, 0x000000070e000000|  0%| F|  |TAMS 0x000000070de00000, 0x000000070de00000| Untracked 
|  83|0x000000070e000000, 0x000000070e000000, 0x000000070e200000|  0%| F|  |TAMS 0x000000070e000000, 0x000000070e000000| Untracked 
|  84|0x000000070e200000, 0x000000070e200000, 0x000000070e400000|  0%| F|  |TAMS 0x000000070e200000, 0x000000070e200000| Untracked 
|  85|0x000000070e400000, 0x000000070e400000, 0x000000070e600000|  0%| F|  |TAMS 0x000000070e400000, 0x000000070e400000| Untracked 
|  86|0x000000070e600000, 0x000000070e600000, 0x000000070e800000|  0%| F|  |TAMS 0x000000070e600000, 0x000000070e600000| Untracked 
|  87|0x000000070e800000, 0x000000070e800000, 0x000000070ea00000|  0%| F|  |TAMS 0x000000070e800000, 0x000000070e800000| Untracked 
|  88|0x000000070ea00000, 0x000000070ea00000, 0x000000070ec00000|  0%| F|  |TAMS 0x000000070ea00000, 0x000000070ea00000| Untracked 
|  89|0x000000070ec00000, 0x000000070ec00000, 0x000000070ee00000|  0%| F|  |TAMS 0x000000070ec00000, 0x000000070ec00000| Untracked 
|  90|0x000000070ee00000, 0x000000070ee00000, 0x000000070f000000|  0%| F|  |TAMS 0x000000070ee00000, 0x000000070ee00000| Untracked 
|  91|0x000000070f000000, 0x000000070f000000, 0x000000070f200000|  0%| F|  |TAMS 0x000000070f000000, 0x000000070f000000| Untracked 
|  92|0x000000070f200000, 0x000000070f200000, 0x000000070f400000|  0%| F|  |TAMS 0x000000070f200000, 0x000000070f200000| Untracked 
|  93|0x000000070f400000, 0x000000070f400000, 0x000000070f600000|  0%| F|  |TAMS 0x000000070f400000, 0x000000070f400000| Untracked 
|  94|0x000000070f600000, 0x000000070f600000, 0x000000070f800000|  0%| F|  |TAMS 0x000000070f600000, 0x000000070f600000| Untracked 
|  95|0x000000070f800000, 0x000000070f800000, 0x000000070fa00000|  0%| F|  |TAMS 0x000000070f800000, 0x000000070f800000| Untracked 
|  96|0x000000070fa00000, 0x000000070fa00000, 0x000000070fc00000|  0%| F|  |TAMS 0x000000070fa00000, 0x000000070fa00000| Untracked 
|  97|0x000000070fc00000, 0x000000070fc00000, 0x000000070fe00000|  0%| F|  |TAMS 0x000000070fc00000, 0x000000070fc00000| Untracked 
|  98|0x000000070fe00000, 0x000000070fe00000, 0x0000000710000000|  0%| F|  |TAMS 0x000000070fe00000, 0x000000070fe00000| Untracked 
|  99|0x0000000710000000, 0x0000000710000000, 0x0000000710200000|  0%| F|  |TAMS 0x0000000710000000, 0x0000000710000000| Untracked 
| 100|0x0000000710200000, 0x0000000710200000, 0x0000000710400000|  0%| F|  |TAMS 0x0000000710200000, 0x0000000710200000| Untracked 
| 101|0x0000000710400000, 0x0000000710400000, 0x0000000710600000|  0%| F|  |TAMS 0x0000000710400000, 0x0000000710400000| Untracked 
| 102|0x0000000710600000, 0x0000000710600000, 0x0000000710800000|  0%| F|  |TAMS 0x0000000710600000, 0x0000000710600000| Untracked 
| 103|0x0000000710800000, 0x0000000710800000, 0x0000000710a00000|  0%| F|  |TAMS 0x0000000710800000, 0x0000000710800000| Untracked 
| 104|0x0000000710a00000, 0x0000000710a00000, 0x0000000710c00000|  0%| F|  |TAMS 0x0000000710a00000, 0x0000000710a00000| Untracked 
| 105|0x0000000710c00000, 0x0000000710c00000, 0x0000000710e00000|  0%| F|  |TAMS 0x0000000710c00000, 0x0000000710c00000| Untracked 
| 106|0x0000000710e00000, 0x0000000710e00000, 0x0000000711000000|  0%| F|  |TAMS 0x0000000710e00000, 0x0000000710e00000| Untracked 
| 107|0x0000000711000000, 0x0000000711000000, 0x0000000711200000|  0%| F|  |TAMS 0x0000000711000000, 0x0000000711000000| Untracked 
| 108|0x0000000711200000, 0x0000000711200000, 0x0000000711400000|  0%| F|  |TAMS 0x0000000711200000, 0x0000000711200000| Untracked 
| 109|0x0000000711400000, 0x0000000711400000, 0x0000000711600000|  0%| F|  |TAMS 0x0000000711400000, 0x0000000711400000| Untracked 
| 110|0x0000000711600000, 0x0000000711600000, 0x0000000711800000|  0%| F|  |TAMS 0x0000000711600000, 0x0000000711600000| Untracked 
| 111|0x0000000711800000, 0x0000000711800000, 0x0000000711a00000|  0%| F|  |TAMS 0x0000000711800000, 0x0000000711800000| Untracked 
| 112|0x0000000711a00000, 0x0000000711a00000, 0x0000000711c00000|  0%| F|  |TAMS 0x0000000711a00000, 0x0000000711a00000| Untracked 
| 113|0x0000000711c00000, 0x0000000711c00000, 0x0000000711e00000|  0%| F|  |TAMS 0x0000000711c00000, 0x0000000711c00000| Untracked 
| 114|0x0000000711e00000, 0x0000000711e00000, 0x0000000712000000|  0%| F|  |TAMS 0x0000000711e00000, 0x0000000711e00000| Untracked 
| 115|0x0000000712000000, 0x0000000712000000, 0x0000000712200000|  0%| F|  |TAMS 0x0000000712000000, 0x0000000712000000| Untracked 
| 116|0x0000000712200000, 0x0000000712200000, 0x0000000712400000|  0%| F|  |TAMS 0x0000000712200000, 0x0000000712200000| Untracked 
| 117|0x0000000712400000, 0x0000000712400000, 0x0000000712600000|  0%| F|  |TAMS 0x0000000712400000, 0x0000000712400000| Untracked 
| 118|0x0000000712600000, 0x0000000712600000, 0x0000000712800000|  0%| F|  |TAMS 0x0000000712600000, 0x0000000712600000| Untracked 
| 119|0x0000000712800000, 0x0000000712800000, 0x0000000712a00000|  0%| F|  |TAMS 0x0000000712800000, 0x0000000712800000| Untracked 
| 120|0x0000000712a00000, 0x0000000712a00000, 0x0000000712c00000|  0%| F|  |TAMS 0x0000000712a00000, 0x0000000712a00000| Untracked 
| 121|0x0000000712c00000, 0x0000000712c00000, 0x0000000712e00000|  0%| F|  |TAMS 0x0000000712c00000, 0x0000000712c00000| Untracked 
| 122|0x0000000712e00000, 0x0000000712e00000, 0x0000000713000000|  0%| F|  |TAMS 0x0000000712e00000, 0x0000000712e00000| Untracked 
| 123|0x0000000713000000, 0x0000000713000000, 0x0000000713200000|  0%| F|  |TAMS 0x0000000713000000, 0x0000000713000000| Untracked 
| 124|0x0000000713200000, 0x0000000713200000, 0x0000000713400000|  0%| F|  |TAMS 0x0000000713200000, 0x0000000713200000| Untracked 
| 125|0x0000000713400000, 0x0000000713400000, 0x0000000713600000|  0%| F|  |TAMS 0x0000000713400000, 0x0000000713400000| Untracked 
| 126|0x0000000713600000, 0x00000007137c2df0, 0x0000000713800000| 88%| E|  |TAMS 0x0000000713600000, 0x0000000713600000| Complete 

Card table byte_map: [0x0000015b29110000,0x0000015b29900000] _byte_map_base: 0x0000015b258f3000

Marking Bits (Prev, Next): (CMBitMap*) 0x0000015b0feb4a10, (CMBitMap*) 0x0000015b0feb4a50
 Prev Bits: [0x0000015b2a0f0000, 0x0000015b2e008000)
 Next Bits: [0x0000015b2e010000, 0x0000015b31f28000)

Polling page: 0x0000015b0ff20000

Metaspace:

Usage:
  Non-class:    256.93 KB used.
      Class:     20.39 KB used.
       Both:    277.32 KB used.

Virtual space:
  Non-class space:        8.00 MB reserved,     320.00 KB (  4%) committed,  1 nodes.
      Class space:        1.00 GB reserved,     128.00 KB ( <1%) committed,  1 nodes.
             Both:        1.01 GB reserved,     448.00 KB ( <1%) committed. 

Chunk freelists:
   Non-Class:  4.00 MB
       Class:  3.75 MB
        Both:  7.75 MB

MaxMetaspaceSize: unlimited
CompressedClassSpaceSize: 1.00 GB
Initial GC threshold: 21.00 MB
Current GC threshold: 21.00 MB
CDS: on
MetaspaceReclaimPolicy: balanced
 - commit_granule_bytes: 65536.
 - commit_granule_words: 8192.
 - virtual_space_node_default_size: 1048576.
 - enlarge_chunks_in_place: 1.
 - new_chunks_are_fully_committed: 0.
 - uncommit_free_chunks: 1.
 - use_allocation_guard: 0.
 - handle_deallocations: 1.


Internal statistics:

num_allocs_failed_limit: 0.
num_arena_births: 4.
num_arena_deaths: 0.
num_vsnodes_births: 2.
num_vsnodes_deaths: 0.
num_space_committed: 7.
num_space_uncommitted: 0.
num_chunks_returned_to_freelist: 0.
num_chunks_taken_from_freelist: 5.
num_chunk_merges: 0.
num_chunk_splits: 2.
num_chunks_enlarged: 1.
num_purges: 0.
num_inconsistent_stats: 0.

CodeHeap 'non-profiled nmethods': size=120000Kb used=33Kb max_used=33Kb free=119966Kb
 bounds [0x0000015b20990000, 0x0000015b20c00000, 0x0000015b27ec0000]
CodeHeap 'profiled nmethods': size=120000Kb used=104Kb max_used=104Kb free=119895Kb
 bounds [0x0000015b18ec0000, 0x0000015b19130000, 0x0000015b203f0000]
CodeHeap 'non-nmethods': size=5760Kb used=1098Kb max_used=1098Kb free=4661Kb
 bounds [0x0000015b203f0000, 0x0000015b20660000, 0x0000015b20990000]
 total_blobs=461 nmethods=105 adapters=269
 compilation: enabled
              stopped_count=0, restarted_count=0
 full_count=0

Compilation events (20 events):
Event: 0.048 Thread 0x0000015b34a2cc40 nmethod 96 0x0000015b18ed6f10 code [0x0000015b18ed70a0, 0x0000015b18ed71b8]
Event: 0.048 Thread 0x0000015b34a2cc40   97       3       java.util.HashMap::put (13 bytes)
Event: 0.048 Thread 0x0000015b34a2cc40 nmethod 97 0x0000015b18ed7290 code [0x0000015b18ed7440, 0x0000015b18ed7738]
Event: 0.049 Thread 0x0000015b34a2cc40   98       3       java.lang.String::indexOf (29 bytes)
Event: 0.049 Thread 0x0000015b34a2cc40 nmethod 98 0x0000015b18ed7890 code [0x0000015b18ed7a60, 0x0000015b18ed7d18]
Event: 0.049 Thread 0x0000015b34a2cc40   99       3       java.lang.StringLatin1::indexOf (36 bytes)
Event: 0.049 Thread 0x0000015b34a2cc40 nmethod 99 0x0000015b18ed7e10 code [0x0000015b18ed7fe0, 0x0000015b18ed8418]
Event: 0.051 Thread 0x0000015b34a2cc40  100       3       java.lang.String::indexOf (7 bytes)
Event: 0.051 Thread 0x0000015b34a2cc40 nmethod 100 0x0000015b18ed8590 code [0x0000015b18ed8760, 0x0000015b18ed8a78]
Event: 0.053 Thread 0x0000015b34a2cc40  101       3       java.lang.Math::min (11 bytes)
Event: 0.053 Thread 0x0000015b34a2cc40 nmethod 101 0x0000015b18ed8b90 code [0x0000015b18ed8d20, 0x0000015b18ed8e58]
Event: 0.053 Thread 0x0000015b34a2cc40  102       3       sun.nio.fs.WindowsPathParser::isSlash (18 bytes)
Event: 0.053 Thread 0x0000015b34a2cc40 nmethod 102 0x0000015b18ed8f10 code [0x0000015b18ed90a0, 0x0000015b18ed9218]
Event: 0.053 Thread 0x0000015b34a2cc40  103       3       java.util.HashMap$HashIterator::hasNext (13 bytes)
Event: 0.053 Thread 0x0000015b34a2cc40 nmethod 103 0x0000015b18ed9290 code [0x0000015b18ed9420, 0x0000015b18ed9598]
Event: 0.053 Thread 0x0000015b34a2cc40  104       3       java.util.HashMap$HashIterator::nextNode (100 bytes)
Event: 0.053 Thread 0x0000015b34a2cc40 nmethod 104 0x0000015b18ed9610 code [0x0000015b18ed9800, 0x0000015b18ed9d58]
Event: 0.053 Thread 0x0000015b34a2cc40  107       3       java.util.HashMap::get (19 bytes)
Event: 0.054 Thread 0x0000015b34a2cc40 nmethod 107 0x0000015b18ed9f10 code [0x0000015b18eda0c0, 0x0000015b18eda288]
Event: 0.054 Thread 0x0000015b34a2cc40  105       3       java.util.HashSet::add (20 bytes)

GC Heap History (0 events):
No events

Deoptimization events (0 events):
No events

Classes unloaded (0 events):
No events

Classes redefined (0 events):
No events

Internal exceptions (4 events):
Event: 0.052 Thread 0x0000015b0fe485f0 Exception <a 'sun/nio/fs/WindowsException'{0x0000000713725dc8}> (0x0000000713725dc8) 
thrown [s\open\src\hotspot\share\prims\jni.cpp, line 516]
Event: 0.052 Thread 0x0000015b0fe485f0 Exception <a 'sun/nio/fs/WindowsException'{0x0000000713726388}> (0x0000000713726388) 
thrown [s\open\src\hotspot\share\prims\jni.cpp, line 516]
Event: 0.053 Thread 0x0000015b0fe485f0 Exception <a 'sun/nio/fs/WindowsException'{0x00000007137289d8}> (0x00000007137289d8) 
thrown [s\open\src\hotspot\share\prims\jni.cpp, line 516]
Event: 0.053 Thread 0x0000015b0fe485f0 Exception <a 'sun/nio/fs/WindowsException'{0x0000000713729588}> (0x0000000713729588) 
thrown [s\open\src\hotspot\share\prims\jni.cpp, line 516]

VM Operations (2 events):
Event: 0.054 Executing VM operation: HandshakeAllThreads
Event: 0.054 Executing VM operation: HandshakeAllThreads done

Events (20 events):
Event: 0.052 loading class java/nio/file/NoSuchFileException
Event: 0.052 loading class java/nio/file/FileSystemException
Event: 0.052 loading class java/io/IOException
Event: 0.052 loading class java/io/IOException done
Event: 0.052 loading class java/nio/file/FileSystemException done
Event: 0.052 loading class java/nio/file/NoSuchFileException done
Event: 0.052 loading class java/nio/file/Files$AcceptAllFilter
Event: 0.052 loading class java/nio/file/DirectoryStream$Filter
Event: 0.052 loading class java/nio/file/DirectoryStream$Filter done
Event: 0.052 loading class java/nio/file/Files$AcceptAllFilter done
Event: 0.052 loading class sun/nio/fs/WindowsDirectoryStream$WindowsDirectoryIterator
Event: 0.052 loading class sun/nio/fs/WindowsDirectoryStream$WindowsDirectoryIterator done
Event: 0.052 loading class sun/nio/fs/WindowsPath$WindowsPathWithAttributes
Event: 0.052 loading class sun/nio/fs/BasicFileAttributesHolder
Event: 0.052 loading class sun/nio/fs/BasicFileAttributesHolder done
Event: 0.052 loading class sun/nio/fs/WindowsPath$WindowsPathWithAttributes done
Event: 0.053 loading class java/nio/file/attribute/FileAttribute
Event: 0.053 loading class java/nio/file/attribute/FileAttribute done
Event: 0.053 loading class sun/nio/fs/WindowsSecurityDescriptor
Event: 0.053 loading class sun/nio/fs/WindowsSecurityDescriptor done


Dynamic libraries:
0x00007ff679bc0000 - 0x00007ff679bd0000 	C:\Program Files\Java\jdk-17\bin\java.exe
0x00007ffcf3950000 - 0x00007ffcf3b64000 	C:\WINDOWS\SYSTEM32\ntdll.dll
0x00007ffcf1e30000 - 0x00007ffcf1ef2000 	C:\WINDOWS\System32\KERNEL32.DLL
0x00007ffcf1350000 - 0x00007ffcf16f3000 	C:\WINDOWS\System32\KERNELBASE.dll
0x00007ffcf1110000 - 0x00007ffcf1221000 	C:\WINDOWS\System32\ucrtbase.dll
0x00007ffcea580000 - 0x00007ffcea59b000 	C:\Program Files\Java\jdk-17\bin\VCRUNTIME140.dll
0x00007ffce10e0000 - 0x00007ffce10f9000 	C:\Program Files\Java\jdk-17\bin\jli.dll
0x00007ffcf2cd0000 - 0x00007ffcf2d7e000 	C:\WINDOWS\System32\ADVAPI32.dll
0x00007ffcf35f0000 - 0x00007ffcf3697000 	C:\WINDOWS\System32\msvcrt.dll
0x00007ffcf3850000 - 0x00007ffcf38f4000 	C:\WINDOWS\System32\sechost.dll
0x00007ffcf2d80000 - 0x00007ffcf2e97000 	C:\WINDOWS\System32\RPCRT4.dll
0x00007ffcf3330000 - 0x00007ffcf34da000 	C:\WINDOWS\System32\USER32.dll
0x00007ffcf1700000 - 0x00007ffcf1726000 	C:\WINDOWS\System32\win32u.dll
0x00007ffcd32e0000 - 0x00007ffcd356e000 	C:\WINDOWS\WinSxS\amd64_microsoft.windows.common-controls_6595b64144ccf1df_6.0.22621.1635_none_270f70857386168e\COMCTL32.dll
0x00007ffcf1d00000 - 0x00007ffcf1d29000 	C:\WINDOWS\System32\GDI32.dll
0x00007ffcf1230000 - 0x00007ffcf1349000 	C:\WINDOWS\System32\gdi32full.dll
0x00007ffcf1070000 - 0x00007ffcf110a000 	C:\WINDOWS\System32\msvcp_win.dll
0x00007ffcea670000 - 0x00007ffcea67a000 	C:\WINDOWS\SYSTEM32\VERSION.dll
0x00007ffcf22d0000 - 0x00007ffcf2301000 	C:\WINDOWS\System32\IMM32.DLL
0x00007ffcea570000 - 0x00007ffcea57c000 	C:\Program Files\Java\jdk-17\bin\vcruntime140_1.dll
0x00007ffcd8970000 - 0x00007ffcd89fe000 	C:\Program Files\Java\jdk-17\bin\msvcp140.dll
0x00007ffc6b210000 - 0x00007ffc6bded000 	C:\Program Files\Java\jdk-17\bin\server\jvm.dll
0x00007ffcf3820000 - 0x00007ffcf3828000 	C:\WINDOWS\System32\PSAPI.DLL
0x00007ffcea610000 - 0x00007ffcea644000 	C:\WINDOWS\SYSTEM32\WINMM.dll
0x00007ffcea5a0000 - 0x00007ffcea5a9000 	C:\WINDOWS\SYSTEM32\WSOCK32.dll
0x00007ffcf37a0000 - 0x00007ffcf3811000 	C:\WINDOWS\System32\WS2_32.dll
0x00007ffcefd90000 - 0x00007ffcefda8000 	C:\WINDOWS\SYSTEM32\kernel.appcore.dll
0x00007ffce1980000 - 0x00007ffce198a000 	C:\Program Files\Java\jdk-17\bin\jimage.dll
0x00007ffcee6c0000 - 0x00007ffcee8ee000 	C:\WINDOWS\SYSTEM32\DBGHELP.DLL
0x00007ffcf2ea0000 - 0x00007ffcf3229000 	C:\WINDOWS\System32\combase.dll
0x00007ffcf17a0000 - 0x00007ffcf1877000 	C:\WINDOWS\System32\OLEAUT32.dll
0x00007ffcda310000 - 0x00007ffcda342000 	C:\WINDOWS\SYSTEM32\dbgcore.DLL
0x00007ffcf0dc0000 - 0x00007ffcf0e3a000 	C:\WINDOWS\System32\bcryptPrimitives.dll
0x00007ffce0d10000 - 0x00007ffce0d35000 	C:\Program Files\Java\jdk-17\bin\java.dll
0x00007ffcd9050000 - 0x00007ffcd9127000 	C:\Program Files\Java\jdk-17\bin\jsvml.dll
0x00007ffcf24d0000 - 0x00007ffcf2cc9000 	C:\WINDOWS\System32\SHELL32.dll
0x00007ffceed40000 - 0x00007ffcef60e000 	C:\WINDOWS\SYSTEM32\windows.storage.dll
0x00007ffceec00000 - 0x00007ffceed3e000 	C:\WINDOWS\SYSTEM32\wintypes.dll
0x00007ffcf2030000 - 0x00007ffcf2121000 	C:\WINDOWS\System32\SHCORE.dll
0x00007ffcf34e0000 - 0x00007ffcf353e000 	C:\WINDOWS\System32\shlwapi.dll
0x00007ffcf0c80000 - 0x00007ffcf0ca6000 	C:\WINDOWS\SYSTEM32\profapi.dll
0x00007ffce0cf0000 - 0x00007ffce0d09000 	C:\Program Files\Java\jdk-17\bin\net.dll
0x00007ffce9a40000 - 0x00007ffce9b77000 	C:\WINDOWS\SYSTEM32\WINHTTP.dll
0x00007ffcf0280000 - 0x00007ffcf02e9000 	C:\WINDOWS\system32\mswsock.dll
0x00007ffce0cd0000 - 0x00007ffce0ce6000 	C:\Program Files\Java\jdk-17\bin\nio.dll

dbghelp: loaded successfully - version: 4.0.5 - missing functions: none
symbol engine: initialized successfully - sym options: 0x614 - pdb path: .;C:\Program Files\Java\jdk-17\bin;C:\WINDOWS\SYSTEM32;C:\WINDOWS\WinSxS\amd64_microsoft.windows.common-controls_6595b64144ccf1df_6.0.22621.1635_none_270f70857386168e;C:\Program Files\Java\jdk-17\bin\server

VM Arguments:
jvm_args: -Dfile.encoding=UTF-8 --module-path=C:\Users\Ishwor\OneDrive\Documents\NetBeansProjects\Electricity Billing System\build\classes 
java_command: electricity.billing.system.Splash
java_class_path (initial): C:\Users\Ishwor\OneDrive\Documents\NetBeansProjects\Electricity Billing System\build\classes
Launcher Type: SUN_STANDARD

[Global flags]
     intx CICompilerCount                          = 4                                         {product} {ergonomic}
     uint ConcGCThreads                            = 2                                         {product} {ergonomic}
     uint G1ConcRefinementThreads                  = 8                                         {product} {ergonomic}
   size_t G1HeapRegionSize                         = 2097152                                   {product} {ergonomic}
    uintx GCDrainStackTargetSize                   = 64                                        {product} {ergonomic}
   size_t InitialHeapSize                          = 266338304                                 {product} {ergonomic}
   size_t MarkStackSize                            = 4194304                                   {product} {ergonomic}
   size_t MaxHeapSize                              = 4234149888                                {product} {ergonomic}
   size_t MaxNewSize                               = 2539651072                                {product} {ergonomic}
   size_t MinHeapDeltaBytes                        = 2097152                                   {product} {ergonomic}
   size_t MinHeapSize                              = 8388608                                   {product} {ergonomic}
    uintx NonNMethodCodeHeapSize                   = 5839372                                {pd product} {ergonomic}
    uintx NonProfiledCodeHeapSize                  = 122909434                              {pd product} {ergonomic}
    uintx ProfiledCodeHeapSize                     = 122909434                              {pd product} {ergonomic}
    uintx ReservedCodeCacheSize                    = 251658240                              {pd product} {ergonomic}
     bool SegmentedCodeCache                       = true                                      {product} {ergonomic}
   size_t SoftMaxHeapSize                          = 4234149888                             {manageable} {ergonomic}
     bool UseCompressedClassPointers               = true                           {product lp64_product} {ergonomic}
     bool UseCompressedOops                        = true                           {product lp64_product} {ergonomic}
     bool UseG1GC                                  = true                                      {product} {ergonomic}
     bool UseLargePagesIndividualAllocation        = false                                  {pd product} {ergonomic}

Logging:
Log output configuration:
 #0: stdout all=warning uptime,level,tags
 #1: stderr all=off uptime,level,tags

Environment Variables:
PATH=C:\Program Files\Common Files\Oracle\Java\javapath;C:\WINDOWS\system32;C:\WINDOWS;C:\WINDOWS\System32\Wbem;C:\WINDOWS\System32\WindowsPowerShell\v1.0\;C:\WINDOWS\System32\OpenSSH\;C:\Program Files\dotnet\;C:\Program Files (x86)\NVIDIA Corporation\PhysX\Common;C:\Program Files\MySQL\MySQL Server 8.0\bin;C:\Program Files\Git\cmd;C:\Users\Ishwor\AppData\Local\Microsoft\WindowsApps;;C:\Users\Ishwor\AppData\Local\Programs\Microsoft VS Code\bin
USERNAME=Ishwor
OS=Windows_NT
PROCESSOR_IDENTIFIER=Intel64 Family 6 Model 126 Stepping 5, GenuineIntel



---------------  S Y S T E M  ---------------

OS:
 Windows 11 , 64 bit Build 22621 (10.0.22621.1928)
OS uptime: 0 days 8:35 hours

CPU: total 8 (initial active 8) (4 cores per cpu, 2 threads per core) family 6 model 126 stepping 5 microcode 0xb8, cx8, cmov, fxsr, ht, mmx, 3dnowpref, sse, sse2, sse3, ssse3, sse4.1, sse4.2, popcnt, lzcnt, tsc, tscinvbit, avx, avx2, aes, erms, clmul, bmi1, bmi2, adx, avx512f, avx512dq, avx512cd, avx512bw, avx512vl, sha, fma, vzeroupper, avx512_vpopcntdq, avx512_vpclmulqdq, avx512_vaes, avx512_vnni, clflush, clflushopt, avx512_vbmi2, avx512_vbmi

Memory: 4k page, system-wide physical 16151M (5328M free)
TotalPageFile size 31263M (AvailPageFile size 3M)
current process WorkingSet (physical memory assigned to process): 30M, peak: 30M
current process commit charge ("private bytes"): 340M, peak: 340M

vm_info: Java HotSpot(TM) 64-Bit Server VM (17.0.7+8-LTS-224) for windows-amd64 JRE (17.0.7+8-LTS-224), built on Feb 28 2023 23:03:02 by "mach5one" with MS VC++ 17.1 (VS2022)

END.
