#
# There is insufficient memory for the Java Runtime Environment to continue.
# Native memory allocation (mmap) failed to map 266338304 bytes for G1 virtual space
# Possible reasons:
#   The system is out of physical RAM or swap space
#   The process is running with CompressedOops enabled, and the Java Heap may be blocking the growth of the native heap
# Possible solutions:
#   Reduce memory load on the system
#   Increase physical memory or swap space
#   Check if swap backing store is full
#   Decrease Java heap size (-Xmx/-Xms)
#   Decrease number of Java threads
#   Decrease Java thread stack sizes (-Xss)
#   Set larger code cache with -XX:ReservedCodeCacheSize=
#   JVM is running with Zero Based Compressed Oops mode in which the Java heap is
#     placed in the first 32GB address space. The Java Heap base address is the
#     maximum limit for the native heap growth. Please use -XX:HeapBaseMinAddress
#     to set the Java Heap base and to place the Java Heap above 32GB virtual address.
# This output file may be truncated or incomplete.
#
#  Out of Memory Error (os_windows.cpp:3550), pid=17768, tid=20916
#
# JRE version:  (17.0.7+8) (build )
# Java VM: Java HotSpot(TM) 64-Bit Server VM (17.0.7+8-LTS-224, mixed mode, sharing, tiered, compressed oops, compressed class ptrs, g1 gc, windows-amd64)
# No core dump will be written. Minidumps are not enabled by default on client versions of Windows
#

---------------  S U M M A R Y ------------

Command Line: -Dfile.encoding=UTF-8 --module-path=C:\Users\Ishwor\OneDrive\Documents\NetBeansProjects\Electricity Billing System\build\classes electricity.billing.system.Project

Host: Intel(R) Core(TM) i7-1065G7 CPU @ 1.30GHz, 8 cores, 15G,  Windows 11 , 64 bit Build 22621 (10.0.22621.2215)
Time: Wed Sep 20 14:18:20 2023 Nepal Standard Time elapsed time: 0.015128 seconds (0d 0h 0m 0s)

---------------  T H R E A D  ---------------

Current thread (0x000002505064a550):  JavaThread "Unknown thread" [_thread_in_vm, id=20916, stack(0x000000e9d9a00000,0x000000e9d9b00000)]

Stack: [0x000000e9d9a00000,0x000000e9d9b00000]
Native frames: (J=compiled Java code, j=interpreted, Vv=VM code, C=native code)
V  [jvm.dll+0x676a4a]
V  [jvm.dll+0x7d74f4]
V  [jvm.dll+0x7d8c9e]
V  [jvm.dll+0x7d9303]
V  [jvm.dll+0x2452c5]
V  [jvm.dll+0x6738f9]
V  [jvm.dll+0x668232]
V  [jvm.dll+0x302826]
V  [jvm.dll+0x309da6]
V  [jvm.dll+0x35952e]
V  [jvm.dll+0x35975f]
V  [jvm.dll+0x2d9a38]
V  [jvm.dll+0x2da9a4]
V  [jvm.dll+0x7a8fb1]
V  [jvm.dll+0x3670e1]
V  [jvm.dll+0x788359]
V  [jvm.dll+0x3ea5ef]
V  [jvm.dll+0x3ec071]
C  [jli.dll+0x5297]
C  [ucrtbase.dll+0x29363]
C  [KERNEL32.DLL+0x1257d]
C  [ntdll.dll+0x5aa68]


---------------  P R O C E S S  ---------------

Threads class SMR info:
_java_thread_list=0x00007ffcee044998, length=0, elements={
}

Java Threads: ( => current thread )

Other Threads:
  0x00000250506b6a10 GCTaskThread "GC Thread#0" [stack: 0x000000e9d9b00000,0x000000e9d9c00000] [id=23192]
  0x00000250506c74b0 ConcurrentGCThread "G1 Main Marker" [stack: 0x000000e9d9c00000,0x000000e9d9d00000] [id=25804]
  0x00000250506c7dd0 ConcurrentGCThread "G1 Conc#0" [stack: 0x000000e9d9d00000,0x000000e9d9e00000] [id=25112]

[error occurred during error reporting (printing all threads), id 0xc0000005, EXCEPTION_ACCESS_VIOLATION (0xc0000005) at pc=0x00007ffced87a697]

VM state: not at safepoint (not fully initialized)

VM Mutex/Monitor currently owned by a thread:  ([mutex/lock_event])
[0x0000025050647db0] Heap_lock - owner thread: 0x000002505064a550

Heap address: 0x0000000703a00000, size: 4038 MB, Compressed Oops mode: Zero based, Oop shift amount: 3

CDS archive(s) mapped at: [0x0000000000000000-0x0000000000000000-0x0000000000000000), size 0, SharedBaseAddress: 0x0000000800000000, ArchiveRelocationMode: 0.
Narrow klass base: 0x0000000000000000, Narrow klass shift: 0, Narrow klass range: 0x0

GC Precious Log:
<Empty>

Heap:
 garbage-first heap   total 0K, used 0K [0x0000000703a00000, 0x0000000800000000)
  region size 2048K, 0 young (0K), 0 survivors (0K)

[error occurred during error reporting (printing heap information), id 0xc0000005, EXCEPTION_ACCESS_VIOLATION (0xc0000005) at pc=0x00007ffcedc600b9]

GC Heap History (0 events):
No events

Deoptimization events (0 events):
No events

Classes unloaded (0 events):
No events

Classes redefined (0 events):
No events

Internal exceptions (0 events):
No events

VM Operations (0 events):
No events

Events (1 events):
Event: 0.008 Loaded shared library C:\Program Files\Java\jdk-17\bin\java.dll


Dynamic libraries:
0x00007ff6af000000 - 0x00007ff6af010000 	C:\Program Files\Java\jdk-17\bin\java.exe
0x00007ffd7f350000 - 0x00007ffd7f564000 	C:\WINDOWS\SYSTEM32\ntdll.dll
0x00007ffd7dc00000 - 0x00007ffd7dcc4000 	C:\WINDOWS\System32\KERNEL32.DLL
0x00007ffd7cac0000 - 0x00007ffd7ce64000 	C:\WINDOWS\System32\KERNELBASE.dll
0x00007ffd7c9a0000 - 0x00007ffd7cab1000 	C:\WINDOWS\System32\ucrtbase.dll
0x00007ffd777e0000 - 0x00007ffd777fb000 	C:\Program Files\Java\jdk-17\bin\VCRUNTIME140.dll
0x00007ffd6b1e0000 - 0x00007ffd6b1f9000 	C:\Program Files\Java\jdk-17\bin\jli.dll
0x00007ffd7e680000 - 0x00007ffd7e730000 	C:\WINDOWS\System32\ADVAPI32.dll
0x00007ffd7e5d0000 - 0x00007ffd7e677000 	C:\WINDOWS\System32\msvcrt.dll
0x00007ffd7e4f0000 - 0x00007ffd7e596000 	C:\WINDOWS\System32\sechost.dll
0x00007ffd7e040000 - 0x00007ffd7e157000 	C:\WINDOWS\System32\RPCRT4.dll
0x00007ffd7d870000 - 0x00007ffd7da1e000 	C:\WINDOWS\System32\USER32.dll
0x00007ffd5f390000 - 0x00007ffd5f623000 	C:\WINDOWS\WinSxS\amd64_microsoft.windows.common-controls_6595b64144ccf1df_6.0.22621.2215_none_270d72677387dfc3\COMCTL32.dll
0x00007ffd7d010000 - 0x00007ffd7d036000 	C:\WINDOWS\System32\win32u.dll
0x00007ffd7e5a0000 - 0x00007ffd7e5c9000 	C:\WINDOWS\System32\GDI32.dll
0x00007ffd7ce70000 - 0x00007ffd7cf88000 	C:\WINDOWS\System32\gdi32full.dll
0x00007ffd7d040000 - 0x00007ffd7d0da000 	C:\WINDOWS\System32\msvcp_win.dll
0x00007ffd762c0000 - 0x00007ffd762ca000 	C:\WINDOWS\SYSTEM32\VERSION.dll
0x00007ffd7dbc0000 - 0x00007ffd7dbf1000 	C:\WINDOWS\System32\IMM32.DLL
0x00007ffd777d0000 - 0x00007ffd777dc000 	C:\Program Files\Java\jdk-17\bin\vcruntime140_1.dll
0x00007ffd5b860000 - 0x00007ffd5b8ee000 	C:\Program Files\Java\jdk-17\bin\msvcp140.dll
0x00007ffced590000 - 0x00007ffcee16d000 	C:\Program Files\Java\jdk-17\bin\server\jvm.dll
0x00007ffd7ddf0000 - 0x00007ffd7ddf8000 	C:\WINDOWS\System32\PSAPI.DLL
0x00007ffd77800000 - 0x00007ffd77809000 	C:\WINDOWS\SYSTEM32\WSOCK32.dll
0x00007ffd76070000 - 0x00007ffd760a4000 	C:\WINDOWS\SYSTEM32\WINMM.dll
0x00007ffd7de00000 - 0x00007ffd7de71000 	C:\WINDOWS\System32\WS2_32.dll
0x00007ffd7b700000 - 0x00007ffd7b718000 	C:\WINDOWS\SYSTEM32\kernel.appcore.dll
0x00007ffd66290000 - 0x00007ffd6629a000 	C:\Program Files\Java\jdk-17\bin\jimage.dll
0x00007ffd7a020000 - 0x00007ffd7a24e000 	C:\WINDOWS\SYSTEM32\DBGHELP.DLL
0x00007ffd7ef80000 - 0x00007ffd7f30a000 	C:\WINDOWS\System32\combase.dll
0x00007ffd7d6a0000 - 0x00007ffd7d777000 	C:\WINDOWS\System32\OLEAUT32.dll
0x00007ffd5e470000 - 0x00007ffd5e4a2000 	C:\WINDOWS\SYSTEM32\dbgcore.DLL
0x00007ffd7cf90000 - 0x00007ffd7d00a000 	C:\WINDOWS\System32\bcryptPrimitives.dll
0x00007ffd77360000 - 0x00007ffd77385000 	C:\Program Files\Java\jdk-17\bin\java.dll

dbghelp: loaded successfully - version: 4.0.5 - missing functions: none
symbol engine: initialized successfully - sym options: 0x614 - pdb path: .;C:\Program Files\Java\jdk-17\bin;C:\WINDOWS\SYSTEM32;C:\WINDOWS\WinSxS\amd64_microsoft.windows.common-controls_6595b64144ccf1df_6.0.22621.2215_none_270d72677387dfc3;C:\Program Files\Java\jdk-17\bin\server

VM Arguments:
jvm_args: -Dfile.encoding=UTF-8 --module-path=C:\Users\Ishwor\OneDrive\Documents\NetBeansProjects\Electricity Billing System\build\classes 
java_command: electricity.billing.system.Project
java_class_path (initial): F:\DownloadNew\Jarfile\mysql-connector-java-8.0.26.jar;F:\DownloadNew\Jarfile\rs2xml.jar;F:\DownloadNew\javax.mail-1.6.2.jar;C:\Users\Ishwor\OneDrive\Documents\NetBeansProjects\Electricity Billing System\build\classes
Launcher Type: SUN_STANDARD

[Global flags]
     intx CICompilerCount                          = 4                                         {product} {ergonomic}
     uint ConcGCThreads                            = 2                                         {product} {ergonomic}
     uint G1ConcRefinementThreads                  = 8                                         {product} {ergonomic}
   size_t G1HeapRegionSize                         = 2097152                                   {product} {ergonomic}
    uintx GCDrainStackTargetSize                   = 64                                        {product} {ergonomic}
   size_t InitialHeapSize                          = 266338304                                 {product} {ergonomic}
   size_t MarkStackSize                            = 4194304                                   {product} {ergonomic}
   size_t MaxHeapSize                              = 4234149888                                {product} {ergonomic}
   size_t MinHeapDeltaBytes                        = 2097152                                   {product} {ergonomic}
   size_t MinHeapSize                              = 8388608                                   {product} {ergonomic}
    uintx NonNMethodCodeHeapSize                   = 5839372                                {pd product} {ergonomic}
    uintx NonProfiledCodeHeapSize                  = 122909434                              {pd product} {ergonomic}
    uintx ProfiledCodeHeapSize                     = 122909434                              {pd product} {ergonomic}
    uintx ReservedCodeCacheSize                    = 251658240                              {pd product} {ergonomic}
     bool SegmentedCodeCache                       = true                                      {product} {ergonomic}
   size_t SoftMaxHeapSize                          = 4234149888                             {manageable} {ergonomic}
     bool UseCompressedClassPointers               = true                           {product lp64_product} {ergonomic}
     bool UseCompressedOops                        = true                           {product lp64_product} {ergonomic}
     bool UseG1GC                                  = true                                      {product} {ergonomic}
     bool UseLargePagesIndividualAllocation        = false                                  {pd product} {ergonomic}

Logging:
Log output configuration:
 #0: stdout all=warning uptime,level,tags
 #1: stderr all=off uptime,level,tags

Environment Variables:
PATH=C:\Program Files\Common Files\Oracle\Java\javapath;C:\WINDOWS\system32;C:\WINDOWS;C:\WINDOWS\System32\Wbem;C:\WINDOWS\System32\WindowsPowerShell\v1.0\;C:\WINDOWS\System32\OpenSSH\;C:\Program Files\dotnet\;C:\Program Files (x86)\NVIDIA Corporation\PhysX\Common;C:\Program Files\MySQL\MySQL Server 8.0\bin;C:\Program Files\Git\cmd;C:\Users\Ishwor\AppData\Local\Microsoft\WindowsApps;;C:\Users\Ishwor\AppData\Local\Programs\Microsoft VS Code\bin
USERNAME=Ishwor
OS=Windows_NT
PROCESSOR_IDENTIFIER=Intel64 Family 6 Model 126 Stepping 5, GenuineIntel



---------------  S Y S T E M  ---------------

OS:
 Windows 11 , 64 bit Build 22621 (10.0.22621.2215)
OS uptime: 0 days 4:23 hours

CPU: total 8 (initial active 8) (4 cores per cpu, 2 threads per core) family 6 model 126 stepping 5 microcode 0xbc, cx8, cmov, fxsr, ht, mmx, 3dnowpref, sse, sse2, sse3, ssse3, sse4.1, sse4.2, popcnt, lzcnt, tsc, tscinvbit, avx, avx2, aes, erms, clmul, bmi1, bmi2, adx, avx512f, avx512dq, avx512cd, avx512bw, avx512vl, sha, fma, vzeroupper, avx512_vpopcntdq, avx512_vpclmulqdq, avx512_vaes, avx512_vnni, clflush, clflushopt, avx512_vbmi2, avx512_vbmi

Memory: 4k page, system-wide physical 16151M (5705M free)
TotalPageFile size 31263M (AvailPageFile size 149M)
current process WorkingSet (physical memory assigned to process): 11M, peak: 11M
current process commit charge ("private bytes"): 60M, peak: 314M

vm_info: Java HotSpot(TM) 64-Bit Server VM (17.0.7+8-LTS-224) for windows-amd64 JRE (17.0.7+8-LTS-224), built on Feb 28 2023 23:03:02 by "mach5one" with MS VC++ 17.1 (VS2022)

END.
